<?xml version="1.0" encoding="UTF-8"?>
<!-- Generated by org.testng.reporters.JUnitXMLReporter -->
<testsuite hostname="TXCHD-PC-001" ignored="0" name="Test" tests="3" failures="0" timestamp="25 Feb 2019 05:20:11 GMT" time="0.033" errors="0">
  <testcase name="AppiumTest" time="0.006" classname="demo_app.AppiumTest"/>
  <testcase name="RestApiTest" time="0.001" classname="demo_app.RestApiTest"/>
  <testcase name="SeleniumTest" time="0.0" classname="demo_app.SeleniumTest"/>
</testsuite> <!-- Test -->
