<?xml version="1.0" encoding="UTF-8"?>
<!-- Generated by org.testng.reporters.JUnitXMLReporter -->
<testsuite ignored="0" hostname="TXCHD-PC-001" failures="0" tests="3" name="Test" time="0.019" errors="0" timestamp="25 Feb 2019 05:48:22 GMT">
  <testcase classname="demo_app.AppiumTest" name="Appium1Test" time="0.003"/>
  <testcase classname="demo_app.RestApiTest" name="RestApi1Test" time="0.0"/>
  <testcase classname="demo_app.SeleniumTest" name="Selenium1Test" time="0.0"/>
</testsuite> <!-- Test -->
