<?xml version="1.0" encoding="UTF-8"?>
<testng-results ignored="0" total="1" passed="1" failed="0" skipped="0">
  <reporter-output>
  </reporter-output>
  <suite started-at="2019-02-25T06:00:11Z" name="Smoke" finished-at="2019-02-25T06:00:11Z" duration-ms="17">
    <groups>
    </groups>
    <test started-at="2019-02-25T06:00:11Z" name="Test" finished-at="2019-02-25T06:00:11Z" duration-ms="17">
      <class name="demo_app.SeleniumTest">
        <test-method signature="Selenium1Test()[pri:0, instance:demo_app.SeleniumTest@408d971b]" started-at="2019-02-25T06:00:11Z" name="Selenium1Test" finished-at="2019-02-25T06:00:11Z" duration-ms="3" status="PASS">
          <reporter-output>
          </reporter-output>
        </test-method> <!-- Selenium1Test -->
      </class> <!-- demo_app.SeleniumTest -->
    </test> <!-- Test -->
  </suite> <!-- Smoke -->
</testng-results>
