<?xml version="1.0" encoding="UTF-8"?>
<testng-results skipped="0" failed="0" ignored="0" total="3" passed="3">
  <reporter-output>
  </reporter-output>
  <suite name="Suite" duration-ms="33" started-at="2019-02-25T05:20:11Z" finished-at="2019-02-25T05:20:11Z">
    <groups>
    </groups>
    <test name="Test" duration-ms="33" started-at="2019-02-25T05:20:11Z" finished-at="2019-02-25T05:20:11Z">
      <class name="demo_app.AppiumTest">
        <test-method status="PASS" signature="AppiumTest()[pri:0, instance:demo_app.AppiumTest@4678c730]" name="AppiumTest" duration-ms="6" started-at="2019-02-25T05:20:11Z" finished-at="2019-02-25T05:20:11Z">
          <reporter-output>
          </reporter-output>
        </test-method> <!-- AppiumTest -->
      </class> <!-- demo_app.AppiumTest -->
      <class name="demo_app.SeleniumTest">
        <test-method status="PASS" signature="SeleniumTest()[pri:0, instance:demo_app.SeleniumTest@29ee9faa]" name="SeleniumTest" duration-ms="0" started-at="2019-02-25T05:20:11Z" finished-at="2019-02-25T05:20:11Z">
          <reporter-output>
          </reporter-output>
        </test-method> <!-- SeleniumTest -->
      </class> <!-- demo_app.SeleniumTest -->
      <class name="demo_app.RestApiTest">
        <test-method status="PASS" signature="RestApiTest()[pri:0, instance:demo_app.RestApiTest@6767c1fc]" name="RestApiTest" duration-ms="1" started-at="2019-02-25T05:20:11Z" finished-at="2019-02-25T05:20:11Z">
          <reporter-output>
          </reporter-output>
        </test-method> <!-- RestApiTest -->
      </class> <!-- demo_app.RestApiTest -->
    </test> <!-- Test -->
  </suite> <!-- Suite -->
</testng-results>
